<?xml version="1.0" encoding="UTF-8"?>
<!-- Generated by org.testng.reporters.JUnitReportReporter -->
<testsuite hostname="Rocky" failures="0" tests="2" name="seleniumbasics.DemoWebShop" time="25.928" errors="0" timestamp="2023-06-15T07:14:34 IST" skipped="0">
  <testcase classname="seleniumbasics.DemoWebShop" name="tc_002_verifyLogin" time="9.851"/>
  <system-out/>
  <testcase classname="seleniumbasics.DemoWebShop" name="tc_007_verifyRegistrationUsingRandomGenerator" time="16.077"/>
  <system-out/>
</testsuite> <!-- seleniumbasics.DemoWebShop -->
