<?xml version="1.0" encoding="UTF-8"?>
<!-- Generated by org.testng.reporters.JUnitReportReporter -->
<testsuite hostname="Rocky" failures="0" tests="2" name="seleniumbasics.DemoWebShop" time="20.512" errors="0" timestamp="2023-06-09T12:24:32 IST" skipped="0">
  <testcase classname="seleniumbasics.DemoWebShop" name="tc_008_verifyLoginWithValidDatas" time="10.830"/>
  <system-out/>
  <testcase classname="seleniumbasics.DemoWebShop" name="tc_008_verifyLoginWithValidDatas" time="9.682"/>
  <system-out/>
</testsuite> <!-- seleniumbasics.DemoWebShop -->
