<?xml version="1.0" encoding="UTF-8"?>
<!-- Generated by org.testng.reporters.JUnitReportReporter -->
<testsuite hostname="Rocky" failures="0" tests="1" name="seleniumbasics.LocatorsandCommands" time="15.917" errors="0" timestamp="2023-06-05T08:04:14 IST" skipped="0">
  <testcase classname="seleniumbasics.LocatorsandCommands" name="tc_034_verifyFileUploadUsingRobotClass" time="15.917"/>
  <system-out/>
</testsuite> <!-- seleniumbasics.LocatorsandCommands -->
